[0611/072358:ERROR:process_reader_win.cc(141)] SuspendThread: Access is denied. (0x5)
[0611/072358:ERROR:process_reader_win.cc(113)] NtOpenThread: An invalid Client ID was specified.  (0xc000000b)
[0611/072358:ERROR:process_reader_win.cc(113)] NtOpenThread: An invalid Client ID was specified.  (0xc000000b)
[0611/072358:ERROR:process_reader_win.cc(113)] NtOpenThread: An invalid Client ID was specified.  (0xc000000b)
[0611/072358:ERROR:process_reader_win.cc(113)] NtOpenThread: An invalid Client ID was specified.  (0xc000000b)
[0611/072358:ERROR:process_reader_win.cc(113)] NtOpenThread: An invalid Client ID was specified.  (0xc000000b)
[0611/072358:ERROR:process_reader_win.cc(113)] NtOpenThread: An invalid Client ID was specified.  (0xc000000b)
[0611/072358:ERROR:process_reader_win.cc(113)] NtOpenThread: An invalid Client ID was specified.  (0xc000000b)
[0611/072358:ERROR:process_reader_win.cc(113)] NtOpenThread: An invalid Client ID was specified.  (0xc000000b)
[0611/072358:ERROR:process_reader_win.cc(113)] NtOpenThread: An invalid Client ID was specified.  (0xc000000b)
[0611/072358:ERROR:process_reader_win.cc(113)] NtOpenThread: An invalid Client ID was specified.  (0xc000000b)
[0611/072358:ERROR:process_reader_win.cc(232)] ReadMemory at 0x330000 of 64 bytes failed: Only part of a ReadProcessMemory or WriteProcessMemory request was completed. (0x12B)
[0611/072358:WARNING:pe_image_reader.cc(280)] could not read dos header from C:\Program Files (x86)\Google\Chrome\Application\chrome.exe
[0611/072358:ERROR:process_reader_win.cc(232)] ReadMemory at 0x772e0000 of 64 bytes failed: Only part of a ReadProcessMemory or WriteProcessMemory request was completed. (0x12B)
[0611/072358:WARNING:pe_image_reader.cc(280)] could not read dos header from C:\WINDOWS\SYSTEM32\ntdll.dll
[0611/072358:ERROR:process_reader_win.cc(232)] ReadMemory at 0x75b50000 of 64 bytes failed: Only part of a ReadProcessMemory or WriteProcessMemory request was completed. (0x12B)
[0611/072358:WARNING:pe_image_reader.cc(280)] could not read dos header from C:\WINDOWS\SYSTEM32\KERNELBASE.dll
[0611/072358:ERROR:process_reader_win.cc(232)] ReadMemory at 0x75780000 of 64 bytes failed: Only part of a ReadProcessMemory or WriteProcessMemory request was completed. (0x12B)
[0611/072358:WARNING:pe_image_reader.cc(280)] could not read dos header from C:\WINDOWS\SYSTEM32\KERNEL32.DLL
[0611/072358:ERROR:process_reader_win.cc(232)] ReadMemory at 0x72900000 of 64 bytes failed: Only part of a ReadProcessMemory or WriteProcessMemory request was completed. (0x12B)
[0611/072358:WARNING:pe_image_reader.cc(280)] could not read dos header from C:\WINDOWS\system32\apphelp.dll
[0611/072358:ERROR:process_reader_win.cc(232)] ReadMemory at 0x740d0000 of 64 bytes failed: Only part of a ReadProcessMemory or WriteProcessMemory request was completed. (0x12B)
[0611/072358:WARNING:pe_image_reader.cc(280)] could not read dos header from C:\WINDOWS\SYSTEM32\msvcrt.dll
[0611/072358:ERROR:process_reader_win.cc(232)] ReadMemory at 0x74ff0000 of 64 bytes failed: Only part of a ReadProcessMemory or WriteProcessMemory request was completed. (0x12B)
[0611/072358:WARNING:pe_image_reader.cc(280)] could not read dos header from C:\WINDOWS\SYSTEM32\GDI32.dll
[0611/072358:ERROR:process_reader_win.cc(232)] ReadMemory at 0x74190000 of 64 bytes failed: Only part of a ReadProcessMemory or WriteProcessMemory request was completed. (0x12B)
[0611/072358:WARNING:pe_image_reader.cc(280)] could not read dos header from C:\WINDOWS\SYSTEM32\USER32.dll
[0611/072358:ERROR:process_reader_win.cc(232)] ReadMemory at 0x74040000 of 64 bytes failed: Only part of a ReadProcessMemory or WriteProcessMemory request was completed. (0x12B)
[0611/072358:WARNING:pe_image_reader.cc(280)] could not read dos header from C:\WINDOWS\SYSTEM32\IMM32.DLL
[0611/072358:ERROR:process_reader_win.cc(232)] ReadMemory at 0x74e50000 of 64 bytes failed: Only part of a ReadProcessMemory or WriteProcessMemory request was completed. (0x12B)
[0611/072358:WARNING:pe_image_reader.cc(280)] could not read dos header from C:\WINDOWS\SYSTEM32\cfgmgr32.dll
[0611/072358:ERROR:process_reader_win.cc(232)] ReadMemory at 0x75af0000 of 64 bytes failed: Only part of a ReadProcessMemory or WriteProcessMemory request was completed. (0x12B)
[0611/072358:WARNING:pe_image_reader.cc(280)] could not read dos header from C:\WINDOWS\SYSTEM32\bcryptPrimitives.dll
[0611/072358:ERROR:process_reader_win.cc(232)] ReadMemory at 0x74000000 of 64 bytes failed: Only part of a ReadProcessMemory or WriteProcessMemory request was completed. (0x12B)
[0611/072358:WARNING:pe_image_reader.cc(280)] could not read dos header from C:\WINDOWS\SYSTEM32\CRYPTBASE.dll
[0611/072358:ERROR:process_reader_win.cc(232)] ReadMemory at 0x742e0000 of 64 bytes failed: Only part of a ReadProcessMemory or WriteProcessMemory request was completed. (0x12B)
[0611/072358:WARNING:pe_image_reader.cc(280)] could not read dos header from C:\WINDOWS\SYSTEM32\sechost.dll
[0611/072358:ERROR:process_reader_win.cc(232)] ReadMemory at 0x74010000 of 64 bytes failed: Only part of a ReadProcessMemory or WriteProcessMemory request was completed. (0x12B)
[0611/072358:WARNING:pe_image_reader.cc(280)] could not read dos header from C:\WINDOWS\SYSTEM32\SspiCli.dll
[0611/072358:ERROR:process_reader_win.cc(232)] ReadMemory at 0x74800000 of 64 bytes failed: Only part of a ReadProcessMemory or WriteProcessMemory request was completed. (0x12B)
[0611/072358:WARNING:pe_image_reader.cc(280)] could not read dos header from C:\WINDOWS\SYSTEM32\RPCRT4.dll
[0611/072358:ERROR:process_reader_win.cc(232)] ReadMemory at 0x74400000 of 64 bytes failed: Only part of a ReadProcessMemory or WriteProcessMemory request was completed. (0x12B)
[0611/072358:WARNING:pe_image_reader.cc(280)] could not read dos header from C:\WINDOWS\SYSTEM32\combase.dll
[0611/072358:ERROR:process_reader_win.cc(232)] ReadMemory at 0x75870000 of 64 bytes failed: Only part of a ReadProcessMemory or WriteProcessMemory request was completed. (0x12B)
[0611/072358:WARNING:pe_image_reader.cc(280)] could not read dos header from C:\WINDOWS\SYSTEM32\ADVAPI32.dll
[0611/072358:ERROR:process_reader_win.cc(232)] ReadMemory at 0x745c0000 of 64 bytes failed: Only part of a ReadProcessMemory or WriteProcessMemory request was completed. (0x12B)
[0611/072358:WARNING:pe_image_reader.cc(280)] could not read dos header from C:\WINDOWS\SYSTEM32\shlwapi.dll
[0611/072358:ERROR:process_reader_win.cc(232)] ReadMemory at 0x74030000 of 64 bytes failed: Only part of a ReadProcessMemory or WriteProcessMemory request was completed. (0x12B)
[0611/072358:WARNING:pe_image_reader.cc(280)] could not read dos header from C:\WINDOWS\SYSTEM32\kernel.appcore.dll
[0611/072358:ERROR:process_reader_win.cc(232)] ReadMemory at 0x748c0000 of 64 bytes failed: Only part of a ReadProcessMemory or WriteProcessMemory request was completed. (0x12B)
[0611/072358:WARNING:pe_image_reader.cc(280)] could not read dos header from C:\WINDOWS\SYSTEM32\shcore.dll
[0611/072358:ERROR:process_reader_win.cc(232)] ReadMemory at 0x75aa0000 of 64 bytes failed: Only part of a ReadProcessMemory or WriteProcessMemory request was completed. (0x12B)
[0611/072358:WARNING:pe_image_reader.cc(280)] could not read dos header from C:\WINDOWS\SYSTEM32\powrprof.dll
[0611/072358:ERROR:process_reader_win.cc(232)] ReadMemory at 0x75140000 of 64 bytes failed: Only part of a ReadProcessMemory or WriteProcessMemory request was completed. (0x12B)
[0611/072358:WARNING:pe_image_reader.cc(280)] could not read dos header from C:\WINDOWS\SYSTEM32\profapi.dll
[0611/072358:ERROR:process_reader_win.cc(232)] ReadMemory at 0x74950000 of 64 bytes failed: Only part of a ReadProcessMemory or WriteProcessMemory request was completed. (0x12B)
[0611/072358:WARNING:pe_image_reader.cc(280)] could not read dos header from C:\WINDOWS\SYSTEM32\windows.storage.dll
[0611/072358:ERROR:process_reader_win.cc(232)] ReadMemory at 0x75ee0000 of 64 bytes failed: Only part of a ReadProcessMemory or WriteProcessMemory request was completed. (0x12B)
[0611/072358:WARNING:pe_image_reader.cc(280)] could not read dos header from C:\WINDOWS\SYSTEM32\SHELL32.dll
[0611/072358:ERROR:process_reader_win.cc(232)] ReadMemory at 0x74e90000 of 64 bytes failed: Only part of a ReadProcessMemory or WriteProcessMemory request was completed. (0x12B)
[0611/072358:WARNING:pe_image_reader.cc(280)] could not read dos header from C:\WINDOWS\SYSTEM32\ole32.dll
[0611/072358:ERROR:process_reader_win.cc(232)] ReadMemory at 0x74f80000 of 64 bytes failed: Only part of a ReadProcessMemory or WriteProcessMemory request was completed. (0x12B)
[0611/072358:WARNING:pe_image_reader.cc(280)] could not read dos header from C:\WINDOWS\SYSTEM32\PSAPI.DLL
[0611/072358:ERROR:process_reader_win.cc(232)] ReadMemory at 0x74f90000 of 64 bytes failed: Only part of a ReadProcessMemory or WriteProcessMemory request was completed. (0x12B)
[0611/072358:WARNING:pe_image_reader.cc(280)] could not read dos header from C:\WINDOWS\SYSTEM32\WS2_32.dll
[0611/072358:ERROR:process_reader_win.cc(232)] ReadMemory at 0x729a0000 of 64 bytes failed: Only part of a ReadProcessMemory or WriteProcessMemory request was completed. (0x12B)
[0611/072358:WARNING:pe_image_reader.cc(280)] could not read dos header from C:\WINDOWS\SYSTEM32\iertutil.dll
[0611/072358:ERROR:process_reader_win.cc(232)] ReadMemory at 0x72c70000 of 64 bytes failed: Only part of a ReadProcessMemory or WriteProcessMemory request was completed. (0x12B)
[0611/072358:WARNING:pe_image_reader.cc(280)] could not read dos header from C:\WINDOWS\SYSTEM32\urlmon.dll
[0611/072358:ERROR:process_reader_win.cc(232)] ReadMemory at 0x739a0000 of 64 bytes failed: Only part of a ReadProcessMemory or WriteProcessMemory request was completed. (0x12B)
[0611/072358:WARNING:pe_image_reader.cc(280)] could not read dos header from C:\WINDOWS\SYSTEM32\WININET.dll
[0611/072358:ERROR:process_reader_win.cc(232)] ReadMemory at 0x72e30000 of 64 bytes failed: Only part of a ReadProcessMemory or WriteProcessMemory request was completed. (0x12B)
[0611/072358:WARNING:pe_image_reader.cc(280)] could not read dos header from C:\WINDOWS\SYSTEM32\OLEACC.dll
[0611/072358:ERROR:process_reader_win.cc(232)] ReadMemory at 0x75cd0000 of 64 bytes failed: Only part of a ReadProcessMemory or WriteProcessMemory request was completed. (0x12B)
[0611/072358:WARNING:pe_image_reader.cc(280)] could not read dos header from C:\WINDOWS\SYSTEM32\OLEAUT32.dll
[0611/072358:ERROR:process_reader_win.cc(232)] ReadMemory at 0x73ea0000 of 64 bytes failed: Only part of a ReadProcessMemory or WriteProcessMemory request was completed. (0x12B)
[0611/072358:WARNING:pe_image_reader.cc(280)] could not read dos header from C:\WINDOWS\SYSTEM32\Secur32.dll
[0611/072358:ERROR:process_reader_win.cc(232)] ReadMemory at 0x73eb0000 of 64 bytes failed: Only part of a ReadProcessMemory or WriteProcessMemory request was completed. (0x12B)
[0611/072358:WARNING:pe_image_reader.cc(280)] could not read dos header from C:\WINDOWS\SYSTEM32\MSIMG32.dll
[0611/072358:ERROR:process_reader_win.cc(232)] ReadMemory at 0x72df0000 of 64 bytes failed: Only part of a ReadProcessMemory or WriteProcessMemory request was completed. (0x12B)
[0611/072358:WARNING:pe_image_reader.cc(280)] could not read dos header from C:\WINDOWS\SYSTEM32\WRusr.dll
[0611/072358:ERROR:process_reader_win.cc(232)] ReadMemory at 0x5e730000 of 64 bytes failed: Only part of a ReadProcessMemory or WriteProcessMemory request was completed. (0x12B)
[0611/072358:WARNING:pe_image_reader.cc(280)] could not read dos header from C:\Program Files (x86)\Google\Chrome\Application\51.0.2704.84\chrome_elf.dll
[0611/072358:ERROR:process_reader_win.cc(232)] ReadMemory at 0x73990000 of 64 bytes failed: Only part of a ReadProcessMemory or WriteProcessMemory request was completed. (0x12B)
[0611/072358:WARNING:pe_image_reader.cc(280)] could not read dos header from C:\WINDOWS\SYSTEM32\VERSION.dll
[0611/072358:ERROR:process_reader_win.cc(232)] ReadMemory at 0x722d0000 of 64 bytes failed: Only part of a ReadProcessMemory or WriteProcessMemory request was completed. (0x12B)
[0611/072358:WARNING:pe_image_reader.cc(280)] could not read dos header from C:\WINDOWS\SYSTEM32\WINMMBASE.dll
[0611/072358:ERROR:process_reader_win.cc(232)] ReadMemory at 0x72300000 of 64 bytes failed: Only part of a ReadProcessMemory or WriteProcessMemory request was completed. (0x12B)
[0611/072358:WARNING:pe_image_reader.cc(280)] could not read dos header from C:\WINDOWS\SYSTEM32\WINMM.dll
[0611/072358:ERROR:process_reader_win.cc(232)] ReadMemory at 0x734c0000 of 64 bytes failed: Only part of a ReadProcessMemory or WriteProcessMemory request was completed. (0x12B)
[0611/072358:WARNING:pe_image_reader.cc(280)] could not read dos header from C:\WINDOWS\SYSTEM32\USERENV.dll
[0611/072358:ERROR:process_reader_win.cc(232)] ReadMemory at 0x736d0000 of 64 bytes failed: Only part of a ReadProcessMemory or WriteProcessMemory request was completed. (0x12B)
[0611/072358:WARNING:pe_image_reader.cc(280)] could not read dos header from C:\WINDOWS\SYSTEM32\WTSAPI32.dll
[0611/072358:ERROR:process_reader_win.cc(232)] ReadMemory at 0x73dd0000 of 64 bytes failed: Only part of a ReadProcessMemory or WriteProcessMemory request was completed. (0x12B)
[0611/072358:WARNING:pe_image_reader.cc(280)] could not read dos header from C:\WINDOWS\SYSTEM32\WINHTTP.dll
[0611/072358:ERROR:process_reader_win.cc(232)] ReadMemory at 0x73d40000 of 64 bytes failed: Only part of a ReadProcessMemory or WriteProcessMemory request was completed. (0x12B)
[0611/072358:WARNING:pe_image_reader.cc(280)] could not read dos header from C:\WINDOWS\SYSTEM32\bcrypt.dll
[0611/072358:ERROR:process_reader_win.cc(232)] ReadMemory at 0x73d60000 of 64 bytes failed: Only part of a ReadProcessMemory or WriteProcessMemory request was completed. (0x12B)
[0611/072358:WARNING:pe_image_reader.cc(280)] could not read dos header from C:\WINDOWS\SYSTEM32\WINSPOOL.DRV
[0611/072358:ERROR:process_reader_win.cc(232)] ReadMemory at 0x71c00000 of 64 bytes failed: Only part of a ReadProcessMemory or WriteProcessMemory request was completed. (0x12B)
[0611/072358:WARNING:pe_image_reader.cc(280)] could not read dos header from C:\WINDOWS\WinSxS\x86_microsoft.windows.common-controls_6595b64144ccf1df_6.0.10586.0_none_d3c2e4e965da4528\COMCTL32.dll
[0611/072358:ERROR:process_reader_win.cc(232)] ReadMemory at 0x74620000 of 64 bytes failed: Only part of a ReadProcessMemory or WriteProcessMemory request was completed. (0x12B)
[0611/072358:WARNING:pe_image_reader.cc(280)] could not read dos header from C:\WINDOWS\SYSTEM32\FirewallAPI.dll
[0611/072358:ERROR:process_reader_win.cc(232)] ReadMemory at 0x71b10000 of 64 bytes failed: Only part of a ReadProcessMemory or WriteProcessMemory request was completed. (0x12B)
[0611/072358:WARNING:pe_image_reader.cc(280)] could not read dos header from C:\WINDOWS\SYSTEM32\fwbase.dll
[0611/072358:ERROR:process_reader_win.cc(232)] ReadMemory at 0x75150000 of 64 bytes failed: Only part of a ReadProcessMemory or WriteProcessMemory request was completed. (0x12B)
[0611/072358:WARNING:pe_image_reader.cc(280)] could not read dos header from C:\WINDOWS\SYSTEM32\NETAPI32.dll
[0611/072358:ERROR:process_reader_win.cc(232)] ReadMemory at 0x72370000 of 64 bytes failed: Only part of a ReadProcessMemory or WriteProcessMemory request was completed. (0x12B)
[0611/072358:WARNING:pe_image_reader.cc(280)] could not read dos header from C:\WINDOWS\SYSTEM32\DAVHLPR.DLL
[0611/072358:ERROR:process_reader_win.cc(232)] ReadMemory at 0x75680000 of 64 bytes failed: Only part of a ReadProcessMemory or WriteProcessMemory request was completed. (0x12B)
[0611/072358:WARNING:pe_image_reader.cc(280)] could not read dos header from C:\WINDOWS\SYSTEM32\COMDLG32.dll
[0611/072358:ERROR:process_reader_win.cc(232)] ReadMemory at 0x73e70000 of 64 bytes failed: Only part of a ReadProcessMemory or WriteProcessMemory request was completed. (0x12B)
[0611/072358:WARNING:pe_image_reader.cc(280)] could not read dos header from C:\WINDOWS\SYSTEM32\IPHLPAPI.DLL
[0611/072358:ERROR:process_reader_win.cc(232)] ReadMemory at 0x6d4d0000 of 64 bytes failed: Only part of a ReadProcessMemory or WriteProcessMemory request was completed. (0x12B)
[0611/072358:WARNING:pe_image_reader.cc(280)] could not read dos header from C:\WINDOWS\SYSTEM32\USP10.dll
[0611/072358:ERROR:process_reader_win.cc(232)] ReadMemory at 0x74610000 of 64 bytes failed: Only part of a ReadProcessMemory or WriteProcessMemory request was completed. (0x12B)
[0611/072358:WARNING:pe_image_reader.cc(280)] could not read dos header from C:\WINDOWS\SYSTEM32\MSASN1.dll
[0611/072358:ERROR:process_reader_win.cc(232)] ReadMemory at 0x74680000 of 64 bytes failed: Only part of a ReadProcessMemory or WriteProcessMemory request was completed. (0x12B)
[0611/072358:WARNING:pe_image_reader.cc(280)] could not read dos header from C:\WINDOWS\SYSTEM32\CRYPT32.dll
[0611/072358:ERROR:process_reader_win.cc(232)] ReadMemory at 0x74330000 of 64 bytes failed: Only part of a ReadProcessMemory or WriteProcessMemory request was completed. (0x12B)
[0611/072358:WARNING:pe_image_reader.cc(280)] could not read dos header from C:\WINDOWS\SYSTEM32\WINTRUST.dll
[0611/072358:ERROR:process_reader_win.cc(232)] ReadMemory at 0x57710000 of 64 bytes failed: Only part of a ReadProcessMemory or WriteProcessMemory request was completed. (0x12B)
[0611/072358:WARNING:pe_image_reader.cc(280)] could not read dos header from C:\Program Files (x86)\Google\Chrome\Application\51.0.2704.84\chrome_child.dll
[0611/072358:ERROR:process_reader_win.cc(232)] ReadMemory at 0x71650000 of 64 bytes failed: Only part of a ReadProcessMemory or WriteProcessMemory request was completed. (0x12B)
[0611/072358:WARNING:pe_image_reader.cc(280)] could not read dos header from C:\WINDOWS\SYSTEM32\dwrite.dll
[0611/072358:ERROR:process_reader_win.cc(232)] ReadMemory at 0x3ec374 of 12 bytes failed: Only part of a ReadProcessMemory or WriteProcessMemory request was completed. (0x12B)
[0611/072358:WARNING:process_snapshot_win.cc(102)] ReadMemory ExceptionInformation failed
[0611/072358:WARNING:crash_report_exception_handler.cc(60)] ProcessSnapshotWin::InitializeException failed
[0611/072358:ERROR:scoped_process_suspend.cc(38)] NtResumeProcess, ntstatus=-1073741558
